Flow report for circuito_semana1
Sun Mar 21 16:03:59 2021
Quartus Prime Version 16.1.0 Build 196 10/24/2016 SJ Lite Edition


---------------------
; Table of Contents ;
---------------------
  1. Legal Notice
  2. Flow Summary
  3. Flow Settings
  4. Flow Non-Default Global Settings
  5. Flow Elapsed Time
  6. Flow OS Summary
  7. Flow Log
  8. Flow Messages
  9. Flow Suppressed Messages



----------------
; Legal Notice ;
----------------
Copyright (C) 2016  Intel Corporation. All rights reserved.
Your use of Intel Corporation's design tools, logic functions 
and other software and tools, and its AMPP partner logic 
functions, and any output files from any of the foregoing 
(including device programming or simulation files), and any 
associated documentation or information are expressly subject 
to the terms and conditions of the Intel Program License 
Subscription Agreement, the Intel Quartus Prime License Agreement,
the Intel MegaCore Function License Agreement, or other 
applicable license agreement, including, without limitation, 
that your use is for the sole purpose of programming logic 
devices manufactured by Intel and sold by Intel or its 
authorized distributors.  Please refer to the applicable 
agreement for further details.



+-------------------------------------------------------------------------------+
; Flow Summary                                                                  ;
+---------------------------------+---------------------------------------------+
; Flow Status                     ; Successful - Sun Mar 21 16:03:39 2021       ;
; Quartus Prime Version           ; 16.1.0 Build 196 10/24/2016 SJ Lite Edition ;
; Revision Name                   ; circuito_semana1                            ;
; Top-level Entity Name           ; circuito_projeto                            ;
; Family                          ; Cyclone V                                   ;
; Device                          ; 5CEBA4F23C7                                 ;
; Timing Models                   ; Final                                       ;
; Logic utilization (in ALMs)     ; 118 / 18,480 ( < 1 % )                      ;
; Total registers                 ; 88                                          ;
; Total pins                      ; 62 / 224 ( 28 % )                           ;
; Total virtual pins              ; 0                                           ;
; Total block memory bits         ; 64 / 3,153,920 ( < 1 % )                    ;
; Total DSP Blocks                ; 0 / 66 ( 0 % )                              ;
; Total HSSI RX PCSs              ; 0                                           ;
; Total HSSI PMA RX Deserializers ; 0                                           ;
; Total HSSI TX PCSs              ; 0                                           ;
; Total HSSI PMA TX Serializers   ; 0                                           ;
; Total PLLs                      ; 0 / 4 ( 0 % )                               ;
; Total DLLs                      ; 0 / 4 ( 0 % )                               ;
+---------------------------------+---------------------------------------------+


+-----------------------------------------+
; Flow Settings                           ;
+-------------------+---------------------+
; Option            ; Setting             ;
+-------------------+---------------------+
; Start date & time ; 03/21/2021 16:01:39 ;
; Main task         ; Compilation         ;
; Revision Name     ; circuito_semana1    ;
+-------------------+---------------------+


+---------------------------------------------------------------------------------------------------------------------------------+
; Flow Non-Default Global Settings                                                                                                ;
+-------------------------------------+----------------------------------------+------------------+------------------+------------+
; Assignment Name                     ; Value                                  ; Default Value    ; Entity Name      ; Section Id ;
+-------------------------------------+----------------------------------------+------------------+------------------+------------+
; COMPILER_SIGNATURE_ID               ; 251682025615662.161635329910936        ; --               ; --               ; --         ;
; MAX_CORE_JUNCTION_TEMP              ; 85                                     ; --               ; --               ; --         ;
; MIN_CORE_JUNCTION_TEMP              ; 0                                      ; --               ; --               ; --         ;
; PARTITION_COLOR                     ; -- (Not supported for targeted family) ; --               ; circuito_projeto ; Top        ;
; PARTITION_FITTER_PRESERVATION_LEVEL ; -- (Not supported for targeted family) ; --               ; circuito_projeto ; Top        ;
; PARTITION_NETLIST_TYPE              ; -- (Not supported for targeted family) ; --               ; circuito_projeto ; Top        ;
; POWER_BOARD_THERMAL_MODEL           ; None (CONSERVATIVE)                    ; --               ; --               ; --         ;
; POWER_PRESET_COOLING_SOLUTION       ; 23 MM HEAT SINK WITH 200 LFPM AIRFLOW  ; --               ; --               ; --         ;
; PROJECT_OUTPUT_DIRECTORY            ; output_files                           ; --               ; --               ; --         ;
; TOP_LEVEL_ENTITY                    ; circuito_projeto                       ; circuito_semana1 ; --               ; --         ;
+-------------------------------------+----------------------------------------+------------------+------------------+------------+


+-------------------------------------------------------------------------------------------------------------------------------+
; Flow Elapsed Time                                                                                                             ;
+---------------------------+--------------+-------------------------+---------------------+------------------------------------+
; Module Name               ; Elapsed Time ; Average Processors Used ; Peak Virtual Memory ; Total CPU Time (on all processors) ;
+---------------------------+--------------+-------------------------+---------------------+------------------------------------+
; Analysis & Synthesis      ; 00:00:26     ; 1.0                     ; 4873 MB             ; 00:00:55                           ;
; Fitter                    ; 00:01:14     ; 1.0                     ; 6374 MB             ; 00:01:31                           ;
; Assembler                 ; 00:00:14     ; 1.0                     ; 4819 MB             ; 00:00:09                           ;
; TimeQuest Timing Analyzer ; 00:00:19     ; 1.1                     ; 5095 MB             ; 00:00:17                           ;
; Total                     ; 00:02:13     ; --                      ; --                  ; 00:02:52                           ;
+---------------------------+--------------+-------------------------+---------------------+------------------------------------+


+-----------------------------------------------------------------------------------------+
; Flow OS Summary                                                                         ;
+---------------------------+------------------+------------+------------+----------------+
; Module Name               ; Machine Hostname ; OS Name    ; OS Version ; Processor type ;
+---------------------------+------------------+------------+------------+----------------+
; Analysis & Synthesis      ; LAPTOP-RP8GO9S0  ; Windows 10 ; 10.0       ; x86_64         ;
; Fitter                    ; LAPTOP-RP8GO9S0  ; Windows 10 ; 10.0       ; x86_64         ;
; Assembler                 ; LAPTOP-RP8GO9S0  ; Windows 10 ; 10.0       ; x86_64         ;
; TimeQuest Timing Analyzer ; LAPTOP-RP8GO9S0  ; Windows 10 ; 10.0       ; x86_64         ;
+---------------------------+------------------+------------+------------+----------------+


------------
; Flow Log ;
------------
quartus_map --read_settings_files=on --write_settings_files=off semana1_T4BA2_desafio -c circuito_semana1
quartus_fit --read_settings_files=off --write_settings_files=off semana1_T4BA2_desafio -c circuito_semana1
quartus_asm --read_settings_files=off --write_settings_files=off semana1_T4BA2_desafio -c circuito_semana1
quartus_sta semana1_T4BA2_desafio -c circuito_semana1



